<?xml version="1.0" encoding="UTF-8"?>
<!-- Generated by org.testng.reporters.JUnitXMLReporter -->
<testsuite hostname="MDLT222" ignored="0" name="Default test" tests="4" failures="0" timestamp="2020-06-29T20:34:41 IST" time="0.3" errors="0">
  <testcase name="squareRoot" time="0.036" classname="scuba.TestNGData"/>
  <testcase name="squareRoot" time="0.005" classname="scuba.TestNGData"/>
  <testcase name="squareRoot" time="0.005" classname="scuba.TestNGData"/>
  <testcase name="squareRoot" time="0.008" classname="scuba.TestNGData"/>
</testsuite> <!-- Default test -->
