<?xml version="1.0" encoding="UTF-8"?>
<testng-results skipped="0" failed="0" ignored="0" total="1" passed="1">
  <reporter-output>
  </reporter-output>
  <suite name="Suite1" duration-ms="65776" started-at="2020-05-15T19:51:07 IST" finished-at="2020-05-15T19:52:13 IST">
    <groups>
    </groups>
    <test name="Test2" duration-ms="65776" started-at="2020-05-15T19:51:07 IST" finished-at="2020-05-15T19:52:13 IST">
      <class name="appium.EriBank">
        <test-method status="PASS" signature="setUp(java.lang.String, java.lang.String, java.lang.String)[pri:0, instance:appium.EriBank@79be0360]" name="setUp" is-config="true" duration-ms="21321" started-at="2020-05-15T19:51:07 IST" finished-at="2020-05-15T19:51:29 IST">
          <params>
            <param index="0">
              <value>
                <![CDATA[Android]]>
              </value>
            </param>
            <param index="1">
              <value>
                <![CDATA[8]]>
              </value>
            </param>
            <param index="2">
              <value>
                <![CDATA[vivo 1804]]>
              </value>
            </param>
          </params>
          <reporter-output>
          </reporter-output>
        </test-method> <!-- setUp -->
        <test-method status="PASS" signature="sampleTest()[pri:0, instance:appium.EriBank@79be0360]" name="sampleTest" duration-ms="41870" started-at="2020-05-15T19:51:29 IST" finished-at="2020-05-15T19:52:10 IST">
          <reporter-output>
          </reporter-output>
        </test-method> <!-- sampleTest -->
        <test-method status="PASS" signature="tearDown()[pri:0, instance:appium.EriBank@79be0360]" name="tearDown" is-config="true" duration-ms="2351" started-at="2020-05-15T19:52:10 IST" finished-at="2020-05-15T19:52:13 IST">
          <reporter-output>
          </reporter-output>
        </test-method> <!-- tearDown -->
      </class> <!-- appium.EriBank -->
    </test> <!-- Test2 -->
  </suite> <!-- Suite1 -->
</testng-results>
