<?xml version="1.0" encoding="UTF-8"?>
<!-- Generated by org.testng.reporters.JUnitXMLReporter -->
<testsuite hostname="MDLT222" ignored="1" name="Test1(failed)" tests="2" failures="0" timestamp="2020-06-08T12:29:27 IST" time="55.165" errors="0">
  <testcase name="method1" time="28.628" classname="vayu.Sample1"/>
  <testcase name="method3" time="26.19" classname="vayu.Sample1"/>
  <testcase name="method2" time="0.0" classname="vayu.Sample1">
    <ignored/>
  </testcase> <!-- method2 -->
</testsuite> <!-- Test1(failed) -->
